<?xml version="1.0" encoding="UTF-8"?>
<testng-results ignored="0" total="4" passed="4" failed="0" skipped="0">
  <reporter-output>
  </reporter-output>
  <suite started-at="2025-10-06T21:30:09 IST" name="SwagLabs Suite" finished-at="2025-10-06T21:30:24 IST" duration-ms="15282">
    <groups>
    </groups>
    <test started-at="2025-10-06T21:30:09 IST" name="Chrome Test" finished-at="2025-10-06T21:30:15 IST" duration-ms="5580">
      <class name="com.testing.SwagLabsTest">
        <test-method is-config="true" signature="setUp(java.lang.String)[pri:0, instance:com.testing.SwagLabsTest@2bbf180e]" started-at="2025-10-06T21:30:09 IST" name="setUp" finished-at="2025-10-06T21:30:11 IST" duration-ms="2213" status="PASS">
          <params>
            <param index="0">
              <value>
                <![CDATA[chrome]]>
              </value>
            </param>
          </params>
          <reporter-output>
          </reporter-output>
        </test-method> <!-- setUp -->
        <test-method signature="testValidLoginAndAddToCart()[pri:1, instance:com.testing.SwagLabsTest@2bbf180e]" started-at="2025-10-06T21:30:11 IST" name="testValidLoginAndAddToCart" finished-at="2025-10-06T21:30:14 IST" duration-ms="2792" status="PASS">
          <reporter-output>
          </reporter-output>
        </test-method> <!-- testValidLoginAndAddToCart -->
        <test-method is-config="true" signature="captureScreenshot(org.testng.ITestResult)[pri:0, instance:com.testing.SwagLabsTest@2bbf180e]" started-at="2025-10-06T21:30:14 IST" name="captureScreenshot" finished-at="2025-10-06T21:30:14 IST" duration-ms="1" status="PASS">
          <params>
            <param index="0">
              <value>
                <![CDATA[[TestResult name=testValidLoginAndAddToCart status=SUCCESS method=SwagLabsTest.testValidLoginAndAddToCart()[pri:1, instance:com.testing.SwagLabsTest@2bbf180e] output={null}]]]>
              </value>
            </param>
          </params>
          <reporter-output>
          </reporter-output>
        </test-method> <!-- captureScreenshot -->
        <test-method signature="testInvalidLogin()[pri:2, instance:com.testing.SwagLabsTest@2bbf180e]" started-at="2025-10-06T21:30:14 IST" name="testInvalidLogin" finished-at="2025-10-06T21:30:14 IST" duration-ms="440" status="PASS">
          <reporter-output>
          </reporter-output>
        </test-method> <!-- testInvalidLogin -->
        <test-method is-config="true" signature="captureScreenshot(org.testng.ITestResult)[pri:0, instance:com.testing.SwagLabsTest@2bbf180e]" started-at="2025-10-06T21:30:14 IST" name="captureScreenshot" finished-at="2025-10-06T21:30:14 IST" duration-ms="2" status="PASS">
          <params>
            <param index="0">
              <value>
                <![CDATA[[TestResult name=testInvalidLogin status=SUCCESS method=SwagLabsTest.testInvalidLogin()[pri:2, instance:com.testing.SwagLabsTest@2bbf180e] output={null}]]]>
              </value>
            </param>
          </params>
          <reporter-output>
          </reporter-output>
        </test-method> <!-- captureScreenshot -->
        <test-method is-config="true" signature="tearDown()[pri:0, instance:com.testing.SwagLabsTest@2bbf180e]" started-at="2025-10-06T21:30:14 IST" name="tearDown" finished-at="2025-10-06T21:30:15 IST" duration-ms="101" status="PASS">
          <reporter-output>
          </reporter-output>
        </test-method> <!-- tearDown -->
      </class> <!-- com.testing.SwagLabsTest -->
    </test> <!-- Chrome Test -->
    <test started-at="2025-10-06T21:30:15 IST" name="Firefox Test" finished-at="2025-10-06T21:30:24 IST" duration-ms="9681">
      <class name="com.testing.SwagLabsTest">
        <test-method is-config="true" signature="startReport()[pri:0, instance:com.testing.SwagLabsTest@10e92f8f]" started-at="2025-10-06T21:30:09 IST" name="startReport" finished-at="2025-10-06T21:30:09 IST" duration-ms="146" status="PASS">
          <reporter-output>
          </reporter-output>
        </test-method> <!-- startReport -->
        <test-method is-config="true" signature="setUp(java.lang.String)[pri:0, instance:com.testing.SwagLabsTest@10e92f8f]" started-at="2025-10-06T21:30:15 IST" name="setUp" finished-at="2025-10-06T21:30:18 IST" duration-ms="2973" status="PASS">
          <params>
            <param index="0">
              <value>
                <![CDATA[firefox]]>
              </value>
            </param>
          </params>
          <reporter-output>
          </reporter-output>
        </test-method> <!-- setUp -->
        <test-method signature="testValidLoginAndAddToCart()[pri:1, instance:com.testing.SwagLabsTest@10e92f8f]" started-at="2025-10-06T21:30:18 IST" name="testValidLoginAndAddToCart" finished-at="2025-10-06T21:30:23 IST" duration-ms="5262" status="PASS">
          <reporter-output>
          </reporter-output>
        </test-method> <!-- testValidLoginAndAddToCart -->
        <test-method is-config="true" signature="captureScreenshot(org.testng.ITestResult)[pri:0, instance:com.testing.SwagLabsTest@10e92f8f]" started-at="2025-10-06T21:30:23 IST" name="captureScreenshot" finished-at="2025-10-06T21:30:23 IST" duration-ms="0" status="PASS">
          <params>
            <param index="0">
              <value>
                <![CDATA[[TestResult name=testValidLoginAndAddToCart status=SUCCESS method=SwagLabsTest.testValidLoginAndAddToCart()[pri:1, instance:com.testing.SwagLabsTest@10e92f8f] output={null}]]]>
              </value>
            </param>
          </params>
          <reporter-output>
          </reporter-output>
        </test-method> <!-- captureScreenshot -->
        <test-method signature="testInvalidLogin()[pri:2, instance:com.testing.SwagLabsTest@10e92f8f]" started-at="2025-10-06T21:30:23 IST" name="testInvalidLogin" finished-at="2025-10-06T21:30:23 IST" duration-ms="597" status="PASS">
          <reporter-output>
          </reporter-output>
        </test-method> <!-- testInvalidLogin -->
        <test-method is-config="true" signature="captureScreenshot(org.testng.ITestResult)[pri:0, instance:com.testing.SwagLabsTest@10e92f8f]" started-at="2025-10-06T21:30:23 IST" name="captureScreenshot" finished-at="2025-10-06T21:30:23 IST" duration-ms="0" status="PASS">
          <params>
            <param index="0">
              <value>
                <![CDATA[[TestResult name=testInvalidLogin status=SUCCESS method=SwagLabsTest.testInvalidLogin()[pri:2, instance:com.testing.SwagLabsTest@10e92f8f] output={null}]]]>
              </value>
            </param>
          </params>
          <reporter-output>
          </reporter-output>
        </test-method> <!-- captureScreenshot -->
        <test-method is-config="true" signature="tearDown()[pri:0, instance:com.testing.SwagLabsTest@10e92f8f]" started-at="2025-10-06T21:30:23 IST" name="tearDown" finished-at="2025-10-06T21:30:24 IST" duration-ms="844" status="PASS">
          <reporter-output>
          </reporter-output>
        </test-method> <!-- tearDown -->
        <test-method is-config="true" signature="endReport()[pri:0, instance:com.testing.SwagLabsTest@10e92f8f]" started-at="2025-10-06T21:30:24 IST" name="endReport" finished-at="2025-10-06T21:30:24 IST" duration-ms="150" status="PASS">
          <reporter-output>
          </reporter-output>
        </test-method> <!-- endReport -->
      </class> <!-- com.testing.SwagLabsTest -->
    </test> <!-- Firefox Test -->
  </suite> <!-- SwagLabs Suite -->
</testng-results>
