<?xml version="1.0" encoding="UTF-8"?>
<testng-results ignored="0" total="4" passed="4" failed="0" skipped="0">
  <reporter-output>
  </reporter-output>
  <suite started-at="2025-10-03T11:57:44 IST" name="SwagLabs Suite" finished-at="2025-10-03T11:58:01 IST" duration-ms="17088">
    <groups>
    </groups>
    <test started-at="2025-10-03T11:57:44 IST" name="Chrome Test" finished-at="2025-10-03T11:57:49 IST" duration-ms="4741">
      <class name="com.testing.SwagLabsTest">
        <test-method is-config="true" signature="setUp(java.lang.String)[pri:0, instance:com.testing.SwagLabsTest@d4342c2]" started-at="2025-10-03T11:57:44 IST" name="setUp" finished-at="2025-10-03T11:57:46 IST" duration-ms="1899" status="PASS">
          <params>
            <param index="0">
              <value>
                <![CDATA[chrome]]>
              </value>
            </param>
          </params>
          <reporter-output>
          </reporter-output>
        </test-method> <!-- setUp -->
        <test-method signature="testValidLoginAndAddToCart()[pri:1, instance:com.testing.SwagLabsTest@d4342c2]" started-at="2025-10-03T11:57:46 IST" name="testValidLoginAndAddToCart" finished-at="2025-10-03T11:57:49 IST" duration-ms="2316" status="PASS">
          <reporter-output>
          </reporter-output>
        </test-method> <!-- testValidLoginAndAddToCart -->
        <test-method is-config="true" signature="captureScreenshot(org.testng.ITestResult)[pri:0, instance:com.testing.SwagLabsTest@d4342c2]" started-at="2025-10-03T11:57:49 IST" name="captureScreenshot" finished-at="2025-10-03T11:57:49 IST" duration-ms="1" status="PASS">
          <params>
            <param index="0">
              <value>
                <![CDATA[[TestResult name=testValidLoginAndAddToCart status=SUCCESS method=SwagLabsTest.testValidLoginAndAddToCart()[pri:1, instance:com.testing.SwagLabsTest@d4342c2] output={null}]]]>
              </value>
            </param>
          </params>
          <reporter-output>
          </reporter-output>
        </test-method> <!-- captureScreenshot -->
        <test-method signature="testInvalidLogin()[pri:2, instance:com.testing.SwagLabsTest@d4342c2]" started-at="2025-10-03T11:57:49 IST" name="testInvalidLogin" finished-at="2025-10-03T11:57:49 IST" duration-ms="408" status="PASS">
          <reporter-output>
          </reporter-output>
        </test-method> <!-- testInvalidLogin -->
        <test-method is-config="true" signature="captureScreenshot(org.testng.ITestResult)[pri:0, instance:com.testing.SwagLabsTest@d4342c2]" started-at="2025-10-03T11:57:49 IST" name="captureScreenshot" finished-at="2025-10-03T11:57:49 IST" duration-ms="0" status="PASS">
          <params>
            <param index="0">
              <value>
                <![CDATA[[TestResult name=testInvalidLogin status=SUCCESS method=SwagLabsTest.testInvalidLogin()[pri:2, instance:com.testing.SwagLabsTest@d4342c2] output={null}]]]>
              </value>
            </param>
          </params>
          <reporter-output>
          </reporter-output>
        </test-method> <!-- captureScreenshot -->
        <test-method is-config="true" signature="tearDown()[pri:0, instance:com.testing.SwagLabsTest@d4342c2]" started-at="2025-10-03T11:57:49 IST" name="tearDown" finished-at="2025-10-03T11:57:49 IST" duration-ms="88" status="PASS">
          <reporter-output>
          </reporter-output>
        </test-method> <!-- tearDown -->
      </class> <!-- com.testing.SwagLabsTest -->
    </test> <!-- Chrome Test -->
    <test started-at="2025-10-03T11:57:49 IST" name="Firefox Test" finished-at="2025-10-03T11:58:01 IST" duration-ms="12333">
      <class name="com.testing.SwagLabsTest">
        <test-method is-config="true" signature="startReport()[pri:0, instance:com.testing.SwagLabsTest@6ef888f6]" started-at="2025-10-03T11:57:44 IST" name="startReport" finished-at="2025-10-03T11:57:44 IST" duration-ms="170" status="PASS">
          <reporter-output>
          </reporter-output>
        </test-method> <!-- startReport -->
        <test-method is-config="true" signature="setUp(java.lang.String)[pri:0, instance:com.testing.SwagLabsTest@6ef888f6]" started-at="2025-10-03T11:57:49 IST" name="setUp" finished-at="2025-10-03T11:57:53 IST" duration-ms="4045" status="PASS">
          <params>
            <param index="0">
              <value>
                <![CDATA[firefox]]>
              </value>
            </param>
          </params>
          <reporter-output>
          </reporter-output>
        </test-method> <!-- setUp -->
        <test-method signature="testValidLoginAndAddToCart()[pri:1, instance:com.testing.SwagLabsTest@6ef888f6]" started-at="2025-10-03T11:57:53 IST" name="testValidLoginAndAddToCart" finished-at="2025-10-03T11:58:00 IST" duration-ms="6395" status="PASS">
          <reporter-output>
          </reporter-output>
        </test-method> <!-- testValidLoginAndAddToCart -->
        <test-method is-config="true" signature="captureScreenshot(org.testng.ITestResult)[pri:0, instance:com.testing.SwagLabsTest@6ef888f6]" started-at="2025-10-03T11:58:00 IST" name="captureScreenshot" finished-at="2025-10-03T11:58:00 IST" duration-ms="1" status="PASS">
          <params>
            <param index="0">
              <value>
                <![CDATA[[TestResult name=testValidLoginAndAddToCart status=SUCCESS method=SwagLabsTest.testValidLoginAndAddToCart()[pri:1, instance:com.testing.SwagLabsTest@6ef888f6] output={null}]]]>
              </value>
            </param>
          </params>
          <reporter-output>
          </reporter-output>
        </test-method> <!-- captureScreenshot -->
        <test-method signature="testInvalidLogin()[pri:2, instance:com.testing.SwagLabsTest@6ef888f6]" started-at="2025-10-03T11:58:00 IST" name="testInvalidLogin" finished-at="2025-10-03T11:58:00 IST" duration-ms="679" status="PASS">
          <reporter-output>
          </reporter-output>
        </test-method> <!-- testInvalidLogin -->
        <test-method is-config="true" signature="captureScreenshot(org.testng.ITestResult)[pri:0, instance:com.testing.SwagLabsTest@6ef888f6]" started-at="2025-10-03T11:58:00 IST" name="captureScreenshot" finished-at="2025-10-03T11:58:00 IST" duration-ms="0" status="PASS">
          <params>
            <param index="0">
              <value>
                <![CDATA[[TestResult name=testInvalidLogin status=SUCCESS method=SwagLabsTest.testInvalidLogin()[pri:2, instance:com.testing.SwagLabsTest@6ef888f6] output={null}]]]>
              </value>
            </param>
          </params>
          <reporter-output>
          </reporter-output>
        </test-method> <!-- captureScreenshot -->
        <test-method is-config="true" signature="tearDown()[pri:0, instance:com.testing.SwagLabsTest@6ef888f6]" started-at="2025-10-03T11:58:00 IST" name="tearDown" finished-at="2025-10-03T11:58:01 IST" duration-ms="1207" status="PASS">
          <reporter-output>
          </reporter-output>
        </test-method> <!-- tearDown -->
        <test-method is-config="true" signature="endReport()[pri:0, instance:com.testing.SwagLabsTest@6ef888f6]" started-at="2025-10-03T11:58:01 IST" name="endReport" finished-at="2025-10-03T11:58:02 IST" duration-ms="419" status="PASS">
          <reporter-output>
          </reporter-output>
        </test-method> <!-- endReport -->
      </class> <!-- com.testing.SwagLabsTest -->
    </test> <!-- Firefox Test -->
  </suite> <!-- SwagLabs Suite -->
</testng-results>
